<?xml version="1.0" encoding="UTF-8"?>
<!-- Generated by org.testng.reporters.JUnitReportReporter -->
<testsuite hostname="LAPTOP-SFM2GGLN" failures="0" tests="2" name="test.practice" time="7.766" errors="0" timestamp="2021-05-17T21:15:41 EDT" skipped="0">
  <testcase classname="test.practice" name="openBrowser" time="5.942"/>
  <system-out/>
  <testcase classname="test.practice" name="setDriver" time="1.824"/>
  <system-out/>
</testsuite> <!-- test.practice -->
