<?xml version="1.0" encoding="UTF-8"?>
<!-- Generated by org.testng.reporters.JUnitReportReporter -->
<testsuite hostname="LAPTOP-SFM2GGLN" failures="0" tests="2" name="test.basics" time="0.009" errors="0" timestamp="2021-05-07T12:43:31 EDT" skipped="0">
  <testcase classname="test.basics" name="demo1" time="0.002"/>
  <system-out/>
  <testcase classname="test.basics" name="demo" time="0.007"/>
  <system-out/>
</testsuite> <!-- test.basics -->
